  1>
  -- Install configuration: "Debug"
  CMake Error at cmake_install.cmake:37 (file):
    file INSTALL cannot find
    "C:/Users/apmna/Documents/GitHub/VECC_Internship_2023/Geant4/Working
    Folder/build/Debug/simulation.exe": File exists.
  
  
D:\Apps\Visual Studio\Community\MSBuild\Microsoft\VC\v170\Microsoft.CppCommon.targets(161,5): error MSB3073: The command "setlocal
D:\Apps\Visual Studio\Community\MSBuild\Microsoft\VC\v170\Microsoft.CppCommon.targets(161,5): error MSB3073: D:\Apps\CMake\bin\cmake.exe -DBUILD_TYPE=Debug -P cmake_install.cmake
D:\Apps\Visual Studio\Community\MSBuild\Microsoft\VC\v170\Microsoft.CppCommon.targets(161,5): error MSB3073: if %errorlevel% neq 0 goto :cmEnd
D:\Apps\Visual Studio\Community\MSBuild\Microsoft\VC\v170\Microsoft.CppCommon.targets(161,5): error MSB3073: :cmEnd
D:\Apps\Visual Studio\Community\MSBuild\Microsoft\VC\v170\Microsoft.CppCommon.targets(161,5): error MSB3073: endlocal & call :cmErrorLevel %errorlevel% & goto :cmDone
D:\Apps\Visual Studio\Community\MSBuild\Microsoft\VC\v170\Microsoft.CppCommon.targets(161,5): error MSB3073: :cmErrorLevel
D:\Apps\Visual Studio\Community\MSBuild\Microsoft\VC\v170\Microsoft.CppCommon.targets(161,5): error MSB3073: exit /b %1
D:\Apps\Visual Studio\Community\MSBuild\Microsoft\VC\v170\Microsoft.CppCommon.targets(161,5): error MSB3073: :cmDone
D:\Apps\Visual Studio\Community\MSBuild\Microsoft\VC\v170\Microsoft.CppCommon.targets(161,5): error MSB3073: if %errorlevel% neq 0 goto :VCEnd
D:\Apps\Visual Studio\Community\MSBuild\Microsoft\VC\v170\Microsoft.CppCommon.targets(161,5): error MSB3073: :VCEnd" exited with code 1.
